INFO    : Building target web
INFO    : XSL conversion of C:\Users\mmani\Desktop\research\programmingLanguages\memoryAllocationPLs\new-pretext-project\source\main.ptx by C:\Users\mmani\.ptx\2.21.0\core\xsl\utilities\pretext-enhanced-source.xsl
INFO    : successful application of C:\Users\mmani\.ptx\2.21.0\core\xsl\utilities\pretext-enhanced-source.xsl
INFO    : Generating any needed assets.
INFO    : XSL conversion of C:\Users\mmani\Desktop\research\programmingLanguages\memoryAllocationPLs\new-pretext-project\source\main.ptx by C:\Users\mmani\.ptx\2.21.0\core\xsl\utilities\pretext-enhanced-source.xsl
INFO    : successful application of C:\Users\mmani\.ptx\2.21.0\core\xsl\utilities\pretext-enhanced-source.xsl
INFO    : XSL conversion of C:\Users\mmani\Desktop\research\programmingLanguages\memoryAllocationPLs\new-pretext-project\source\main.ptx by C:\Users\mmani\.ptx\2.21.0\core\xsl\utilities\pretext-enhanced-source.xsl
INFO    : successful application of C:\Users\mmani\.ptx\2.21.0\core\xsl\utilities\pretext-enhanced-source.xsl
INFO    : XSL conversion of C:\Users\mmani\Desktop\research\programmingLanguages\memoryAllocationPLs\new-pretext-project\source\main.ptx by C:\Users\mmani\.ptx\2.21.0\core\xsl\utilities\pretext-enhanced-source.xsl
INFO    : successful application of C:\Users\mmani\.ptx\2.21.0\core\xsl\utilities\pretext-enhanced-source.xsl
INFO    : XSL conversion of C:\Users\mmani\Desktop\research\programmingLanguages\memoryAllocationPLs\new-pretext-project\source\main.ptx by C:\Users\mmani\.ptx\2.21.0\core\xsl\utilities\pretext-enhanced-source.xsl
INFO    : successful application of C:\Users\mmani\.ptx\2.21.0\core\xsl\utilities\pretext-enhanced-source.xsl
INFO    : XSL conversion of C:\Users\mmani\Desktop\research\programmingLanguages\memoryAllocationPLs\new-pretext-project\source\main.ptx by C:\Users\mmani\.ptx\2.21.0\core\xsl\utilities\pretext-enhanced-source.xsl
INFO    : successful application of C:\Users\mmani\.ptx\2.21.0\core\xsl\utilities\pretext-enhanced-source.xsl
INFO    : XSL conversion of C:\Users\mmani\Desktop\research\programmingLanguages\memoryAllocationPLs\new-pretext-project\source\main.ptx by C:\Users\mmani\.ptx\2.21.0\core\xsl\utilities\pretext-enhanced-source.xsl
INFO    : successful application of C:\Users\mmani\.ptx\2.21.0\core\xsl\utilities\pretext-enhanced-source.xsl
INFO    : XSL conversion of C:\Users\mmani\Desktop\research\programmingLanguages\memoryAllocationPLs\new-pretext-project\source\main.ptx by C:\Users\mmani\.ptx\2.21.0\core\xsl\utilities\pretext-enhanced-source.xsl
INFO    : successful application of C:\Users\mmani\.ptx\2.21.0\core\xsl\utilities\pretext-enhanced-source.xsl
INFO    : XSL conversion of C:\Users\mmani\Desktop\research\programmingLanguages\memoryAllocationPLs\new-pretext-project\source\main.ptx by C:\Users\mmani\.ptx\2.21.0\core\xsl\utilities\pretext-enhanced-source.xsl
INFO    : successful application of C:\Users\mmani\.ptx\2.21.0\core\xsl\utilities\pretext-enhanced-source.xsl
INFO    : XSL conversion of C:\Users\mmani\Desktop\research\programmingLanguages\memoryAllocationPLs\new-pretext-project\source\main.ptx by C:\Users\mmani\.ptx\2.21.0\core\xsl\utilities\pretext-enhanced-source.xsl
INFO    : successful application of C:\Users\mmani\.ptx\2.21.0\core\xsl\utilities\pretext-enhanced-source.xsl
INFO    : XSL conversion of C:\Users\mmani\Desktop\research\programmingLanguages\memoryAllocationPLs\new-pretext-project\source\main.ptx by C:\Users\mmani\.ptx\2.21.0\core\xsl\utilities\pretext-enhanced-source.xsl
INFO    : successful application of C:\Users\mmani\.ptx\2.21.0\core\xsl\utilities\pretext-enhanced-source.xsl
INFO    : XSL conversion of C:\Users\mmani\Desktop\research\programmingLanguages\memoryAllocationPLs\new-pretext-project\source\main.ptx by C:\Users\mmani\.ptx\2.21.0\core\xsl\utilities\pretext-enhanced-source.xsl
INFO    : successful application of C:\Users\mmani\.ptx\2.21.0\core\xsl\utilities\pretext-enhanced-source.xsl
INFO    : XSL conversion of C:\Users\mmani\Desktop\research\programmingLanguages\memoryAllocationPLs\new-pretext-project\source\main.ptx by C:\Users\mmani\.ptx\2.21.0\core\xsl\utilities\pretext-enhanced-source.xsl
INFO    : successful application of C:\Users\mmani\.ptx\2.21.0\core\xsl\utilities\pretext-enhanced-source.xsl
INFO    : XSL conversion of C:\Users\mmani\Desktop\research\programmingLanguages\memoryAllocationPLs\new-pretext-project\source\main.ptx by C:\Users\mmani\.ptx\2.21.0\core\xsl\utilities\pretext-enhanced-source.xsl
INFO    : successful application of C:\Users\mmani\.ptx\2.21.0\core\xsl\utilities\pretext-enhanced-source.xsl
INFO    : XSL conversion of C:\Users\mmani\Desktop\research\programmingLanguages\memoryAllocationPLs\new-pretext-project\source\main.ptx by C:\Users\mmani\.ptx\2.21.0\core\xsl\utilities\pretext-enhanced-source.xsl
INFO    : successful application of C:\Users\mmani\.ptx\2.21.0\core\xsl\utilities\pretext-enhanced-source.xsl
INFO    : Finished generating assets.

INFO    : Preparing to build into C:\Users\mmani\Desktop\research\programmingLanguages\memoryAllocationPLs\new-pretext-project\output\web.
INFO    : discovering source file's directory name: C:\Users\mmani\Desktop\research\programmingLanguages\memoryAllocationPLs\new-pretext-project\source
INFO    : verifying and expanding input directory: C:\Users\mmani\Desktop\research\programmingLanguages\memoryAllocationPLs\new-pretext-project\source\../generated-assets
INFO    : input directory expanded to absolute path: C:\Users\mmani\Desktop\research\programmingLanguages\memoryAllocationPLs\new-pretext-project\generated-assets
INFO    : verifying and expanding input directory: C:\Users\mmani\Desktop\research\programmingLanguages\memoryAllocationPLs\new-pretext-project\source\../assets
INFO    : input directory expanded to absolute path: C:\Users\mmani\Desktop\research\programmingLanguages\memoryAllocationPLs\new-pretext-project\assets
INFO    : discovering source file's directory name: C:\Users\mmani\Desktop\research\programmingLanguages\memoryAllocationPLs\new-pretext-project\source
INFO    : XSL conversion of C:\Users\mmani\Desktop\research\programmingLanguages\memoryAllocationPLs\new-pretext-project\source\main.ptx by C:\Users\mmani\.ptx\2.21.0\core\xsl\utilities\report-publisher-variables.xsl
INFO    : successful application of C:\Users\mmani\.ptx\2.21.0\core\xsl\utilities\report-publisher-variables.xsl
INFO    : Downloading rs services file from https://runestone.academy/cdn/runestone/latest/webpack_static_imports.xml.
INFO    : Runestone Services via online CDN query: version 7.9.6
INFO    : Downloading Runestone Services, version 7.9.6
INFO    : Extracting Runestone Services from archive file
INFO    : Building custom css theme: theme-default-modern
INFO    : converting C:\Users\mmani\Desktop\research\programmingLanguages\memoryAllocationPLs\new-pretext-project\source\main.ptx to HTML in C:\Users\mmani\AppData\Local\Temp\ptx-09t4suxi
INFO    : XSL conversion of C:\Users\mmani\Desktop\research\programmingLanguages\memoryAllocationPLs\new-pretext-project\source\main.ptx by C:\Users\mmani\.ptx\2.21.0\core\xsl\pretext-html.xsl
INFO    : messages from the log for XSL processing:
ERROR   : * PTX:ERROR: the @xml:id value "sec-cpp-int-variables" should be unique, but is authored multiple times.
INFO    : *            Results will be unpredictable, and likely incorrect.  Information on the locations follows:
INFO    : *              located within: "sec-cpp-int-variables" (xml:id)
INFO    : *              located within: "sec-cpp-int-variables" (xml:id)
INFO    : * PTX:INFO:   checking ONLY the last TWO YEARS of element deprecations.
Rerun with the string parameter "author.deprecations.all" set to "yes" to check your source against all deprecations.
INFO    : successful application of C:\Users\mmani\.ptx\2.21.0\core\xsl\pretext-html.xsl
WARNING : Failed to map codechat path to xml id; codechat will not work.
INFO    : Removing temporary directory C:\Users\mmani\AppData\Local\Temp\ptx-09t4suxi
INFO    : Removing temporary directory C:\Users\mmani\AppData\Local\Temp\ptx-wzifs6lf
INFO    : 
Success! Run `pretext view web` to see the results.

INFO    : 
----------------------------------------------------
INFO    : While running pretext, the following errors occurred:

INFO    : (see log messages above or in the 'logs' folder for more information)
INFO    : ----------------------------------------------------
