INFO    : Since no target was supplied, we will use "web".

INFO    : Building target web
ERROR   : XInclude Error caused build to fail:
ERROR   : file:/C:/Users/mmani/Desktop/research/programmingLanguages/memoryAllocationPLs/new-pretext-project/source/ch-motivation.ptx:73:16:FATAL:PARSER:ERR_NAME_REQUIRED: StartTag: invalid element name
file:/C:/Users/mmani/Desktop/research/programmingLanguages/memoryAllocationPLs/new-pretext-project/source/ch-motivation.ptx:73:17:FATAL:PARSER:ERR_NAME_REQUIRED: StartTag: invalid element name
file:/C:/Users/mmani/Desktop/research/programmingLanguages/memoryAllocationPLs/new-pretext-project/source/ch-motivation.ptx:73:30:FATAL:PARSER:ERR_NAME_REQUIRED: StartTag: invalid element name
file:/C:/Users/mmani/Desktop/research/programmingLanguages/memoryAllocationPLs/new-pretext-project/source/ch-motivation.ptx:73:31:FATAL:PARSER:ERR_NAME_REQUIRED: StartTag: invalid element name
file:/C:/Users/mmani/Desktop/research/programmingLanguages/memoryAllocationPLs/new-pretext-project/source/ch-motivation.ptx:73:40:FATAL:PARSER:ERR_NAME_REQUIRED: StartTag: invalid element name
file:/C:/Users/mmani/Desktop/research/programmingLanguages/memoryAllocationPLs/new-pretext-project/source/ch-motivation.ptx:73:41:FATAL:PARSER:ERR_NAME_REQUIRED: StartTag: invalid element name
file:/C:/Users/mmani/Desktop/research/programmingLanguages/memoryAllocationPLs/new-pretext-project/source/ch-motivation.ptx:74:16:FATAL:PARSER:ERR_NAME_REQUIRED: StartTag: invalid element name
file:/C:/Users/mmani/Desktop/research/programmingLanguages/memoryAllocationPLs/new-pretext-project/source/ch-motivation.ptx:74:17:FATAL:PARSER:ERR_NAME_REQUIRED: StartTag: invalid element name
file:/C:/Users/mmani/Desktop/research/programmingLanguages/memoryAllocationPLs/new-pretext-project/source/ch-motivation.ptx:74:30:FATAL:PARSER:ERR_NAME_REQUIRED: StartTag: invalid element name
file:/C:/Users/mmani/Desktop/research/programmingLanguages/memoryAllocationPLs/new-pretext-project/source/ch-motivation.ptx:74:31:FATAL:PARSER:ERR_NAME_REQUIRED: StartTag: invalid element name
file:/C:/Users/mmani/Desktop/research/programmingLanguages/memoryAllocationPLs/new-pretext-project/source/ch-motivation.ptx:74:40:FATAL:PARSER:ERR_NAME_REQUIRED: StartTag: invalid element name
file:/C:/Users/mmani/Desktop/research/programmingLanguages/memoryAllocationPLs/new-pretext-project/source/ch-motivation.ptx:74:41:FATAL:PARSER:ERR_NAME_REQUIRED: StartTag: invalid element name
file:/C:/Users/mmani/Desktop/research/programmingLanguages/memoryAllocationPLs/new-pretext-project/source/ch-motivation.ptx:77:15:FATAL:PARSER:ERR_TAG_NAME_MISMATCH: Opening and ending tag mismatch: iostream line 61 and input
file:/C:/Users/mmani/Desktop/research/programmingLanguages/memoryAllocationPLs/new-pretext-project/source/ch-motivation.ptx:78:15:FATAL:PARSER:ERR_TAG_NAME_MISMATCH: Opening and ending tag mismatch: input line 60 and program
file:/C:/Users/mmani/Desktop/research/programmingLanguages/memoryAllocationPLs/new-pretext-project/source/ch-motivation.ptx:113:11:FATAL:PARSER:ERR_TAG_NAME_MISMATCH: Opening and ending tag mismatch: program line 59 and section
file:/C:/Users/mmani/Desktop/research/programmingLanguages/memoryAllocationPLs/new-pretext-project/source/ch-motivation.ptx:114:13:FATAL:PARSER:ERR_TAG_NAME_MISMATCH: Opening and ending tag mismatch: section line 10 and chapter
file:/C:/Users/mmani/Desktop/research/programmingLanguages/memoryAllocationPLs/new-pretext-project/source/ch-motivation.ptx:115:3:FATAL:PARSER:ERR_TAG_NOT_FINISHED: Premature end of data in tag chapter line 1
file:/C:/Users/mmani/Desktop/research/programmingLanguages/memoryAllocationPLs/new-pretext-project/source/main.ptx:18:0:ERROR:XINCLUDE:XINCLUDE_NO_FALLBACK: could not load file:/C:/Users/mmani/Desktop/research/programmingLanguages/memoryAllocationPLs/new-pretext-project/source/ch-motivation.ptx, and no fallback was found
CRITICAL: XML syntax for source file is invalid
INFO    : ------------------------
CRITICAL: Failed to build.  Exiting...
INFO    : 
----------------------------------------------------
INFO    : While running pretext, the following errors occurred:

INFO    : (see log messages above or in the 'logs' folder for more information)
INFO    : ----------------------------------------------------
